2018-09-19 08:01:44 2412 [Note] Plugin 'FEDERATED' is disabled.
2018-09-19 08:01:44 2412 [Note] InnoDB: The InnoDB memory heap is disabled
2018-09-19 08:01:44 2412 [Note] InnoDB: Mutexes and rw_locks use Windows interlocked functions
2018-09-19 08:01:44 2412 [Note] InnoDB: Compressed tables use zlib 1.2.3
2018-09-19 08:01:44 2412 [Note] InnoDB: Not using CPU crc32 instructions
2018-09-19 08:01:44 2412 [Note] InnoDB: Initializing buffer pool, size = 128.0M
2018-09-19 08:01:44 2412 [Note] InnoDB: Completed initialization of buffer pool
2018-09-19 08:01:44 2412 [Note] InnoDB: Setting log file C:\Users\ite15-2\Documents\ITE15\USBWebserver v8.6\mysql\data\ib_logfile101 size to 5 MB
2018-09-19 08:01:44 2412 [Note] InnoDB: Setting log file C:\Users\ite15-2\Documents\ITE15\USBWebserver v8.6\mysql\data\ib_logfile1 size to 5 MB
2018-09-19 08:01:45 2412 [Note] InnoDB: Renaming log file C:\Users\ite15-2\Documents\ITE15\USBWebserver v8.6\mysql\data\ib_logfile101 to C:\Users\ite15-2\Documents\ITE15\USBWebserver v8.6\mysql\data\ib_logfile0
2018-09-19 08:01:45 2412 [Warning] InnoDB: New log files created, LSN=1626134
2018-09-19 08:01:45 2412 [Note] InnoDB: Highest supported file format is Barracuda.
2018-09-19 08:01:45 2412 [Note] InnoDB: 128 rollback segment(s) are active.
2018-09-19 08:01:45 2412 [Note] InnoDB: Waiting for purge to start
2018-09-19 08:01:45 2412 [Note] InnoDB: 5.6.13 started; log sequence number 1626636
2018-09-19 08:01:45 2412 [Warning] No existing UUID has been found, so we assume that this is the first time that this server has been started. Generating a new UUID: 327dfb68-bb9f-11e8-a4f9-00ff9e250728.
2018-09-19 08:01:45 2412 [Note] Server hostname (bind-address): '*'; port: 3307
2018-09-19 08:01:45 2412 [Note] IPv6 is available.
2018-09-19 08:01:45 2412 [Note]   - '::' resolves to '::';
2018-09-19 08:01:45 2412 [Note] Server socket created on IP: '::'.
2018-09-19 08:03:09 8164 [Note] Plugin 'FEDERATED' is disabled.
2018-09-19 08:03:09 8164 [Note] InnoDB: The InnoDB memory heap is disabled
2018-09-19 08:03:09 8164 [Note] InnoDB: Mutexes and rw_locks use Windows interlocked functions
2018-09-19 08:03:09 8164 [Note] InnoDB: Compressed tables use zlib 1.2.3
2018-09-19 08:03:09 8164 [Note] InnoDB: Not using CPU crc32 instructions
2018-09-19 08:03:09 8164 [Note] InnoDB: Initializing buffer pool, size = 128.0M
2018-09-19 08:03:09 8164 [Note] InnoDB: Completed initialization of buffer pool
2018-09-19 08:03:09 8164 [Note] InnoDB: Highest supported file format is Barracuda.
2018-09-19 08:03:09 8164 [Note] InnoDB: The log sequence numbers 1626134 and 1626134 in ibdata files do not match the log sequence number 1626646 in the ib_logfiles!
2018-09-19 08:03:09 8164 [Note] InnoDB: Database was not shutdown normally!
2018-09-19 08:03:09 8164 [Note] InnoDB: Starting crash recovery.
2018-09-19 08:03:09 8164 [Note] InnoDB: Reading tablespace information from the .ibd files...
2018-09-19 08:03:09 8164 [Note] InnoDB: Restoring possible half-written data pages 
2018-09-19 08:03:09 8164 [Note] InnoDB: from the doublewrite buffer...
2018-09-19 08:03:09 8164 [Note] InnoDB: 128 rollback segment(s) are active.
2018-09-19 08:03:09 8164 [Note] InnoDB: Waiting for purge to start
2018-09-19 08:03:09 8164 [Note] InnoDB: 5.6.13 started; log sequence number 1626646
2018-09-19 08:03:09 8164 [Note] Server hostname (bind-address): '*'; port: 3307
2018-09-19 08:03:09 8164 [Note] IPv6 is available.
2018-09-19 08:03:09 8164 [Note]   - '::' resolves to '::';
2018-09-19 08:03:09 8164 [Note] Server socket created on IP: '::'.
2018-09-19 08:03:16 9840 [Note] Plugin 'FEDERATED' is disabled.
2018-09-19 08:03:16 9840 [Note] InnoDB: The InnoDB memory heap is disabled
2018-09-19 08:03:16 9840 [Note] InnoDB: Mutexes and rw_locks use Windows interlocked functions
2018-09-19 08:03:16 9840 [Note] InnoDB: Compressed tables use zlib 1.2.3
2018-09-19 08:03:16 9840 [Note] InnoDB: Not using CPU crc32 instructions
2018-09-19 08:03:16 9840 [Note] InnoDB: Initializing buffer pool, size = 128.0M
2018-09-19 08:03:16 9840 [Note] InnoDB: Completed initialization of buffer pool
2018-09-19 08:03:16 9840 [Note] InnoDB: Highest supported file format is Barracuda.
2018-09-19 08:03:16 9840 [Note] InnoDB: The log sequence numbers 1626134 and 1626134 in ibdata files do not match the log sequence number 1626656 in the ib_logfiles!
2018-09-19 08:03:16 9840 [Note] InnoDB: Database was not shutdown normally!
2018-09-19 08:03:16 9840 [Note] InnoDB: Starting crash recovery.
2018-09-19 08:03:16 9840 [Note] InnoDB: Reading tablespace information from the .ibd files...
2018-09-19 08:03:16 9840 [Note] InnoDB: Restoring possible half-written data pages 
2018-09-19 08:03:16 9840 [Note] InnoDB: from the doublewrite buffer...
2018-09-19 08:03:16 9840 [Note] InnoDB: 128 rollback segment(s) are active.
2018-09-19 08:03:16 9840 [Note] InnoDB: Waiting for purge to start
2018-09-19 08:03:16 9840 [Note] InnoDB: 5.6.13 started; log sequence number 1626656
2018-09-19 08:03:16 9840 [Note] Server hostname (bind-address): '*'; port: 3307
2018-09-19 08:03:16 9840 [Note] IPv6 is available.
2018-09-19 08:03:16 9840 [Note]   - '::' resolves to '::';
2018-09-19 08:03:16 9840 [Note] Server socket created on IP: '::'.
2018-09-19 08:07:05 5984 [Note] Plugin 'FEDERATED' is disabled.
2018-09-19 08:07:05 5984 [Note] InnoDB: The InnoDB memory heap is disabled
2018-09-19 08:07:05 5984 [Note] InnoDB: Mutexes and rw_locks use Windows interlocked functions
2018-09-19 08:07:05 5984 [Note] InnoDB: Compressed tables use zlib 1.2.3
2018-09-19 08:07:05 5984 [Note] InnoDB: Not using CPU crc32 instructions
2018-09-19 08:07:05 5984 [Note] InnoDB: Initializing buffer pool, size = 128.0M
2018-09-19 08:07:05 5984 [Note] InnoDB: Completed initialization of buffer pool
2018-09-19 08:07:05 5984 [ERROR] InnoDB: C:\Users\ite15-2\Documents\ITE15\USBWebserver v8.6\mysql\data\ibdata1 can't be opened in read-write mode
2018-09-19 08:07:05 5984 [ERROR] InnoDB: The system tablespace must be writable!
2018-09-19 08:07:05 5984 [ERROR] Plugin 'InnoDB' init function returned error.
2018-09-19 08:07:05 5984 [ERROR] Plugin 'InnoDB' registration as a STORAGE ENGINE failed.
2018-09-19 08:07:05 5984 [ERROR] Unknown/unsupported storage engine: InnoDB
2018-09-19 08:07:05 5984 [ERROR] Aborting

2018-09-19 08:07:05 5984 [Note] Binlog end
2018-09-19 08:07:06 5984 [Note] Shutting down plugin 'partition'
2018-09-19 08:07:06 5984 [Note] Shutting down plugin 'PERFORMANCE_SCHEMA'
2018-09-19 08:07:06 5984 [Note] Shutting down plugin 'INNODB_SYS_DATAFILES'
2018-09-19 08:07:06 5984 [Note] Shutting down plugin 'INNODB_SYS_TABLESPACES'
2018-09-19 08:07:06 5984 [Note] Shutting down plugin 'INNODB_SYS_FOREIGN_COLS'
2018-09-19 08:07:06 5984 [Note] Shutting down plugin 'INNODB_SYS_FOREIGN'
2018-09-19 08:07:06 5984 [Note] Shutting down plugin 'INNODB_SYS_FIELDS'
2018-09-19 08:07:06 5984 [Note] Shutting down plugin 'INNODB_SYS_COLUMNS'
2018-09-19 08:07:06 5984 [Note] Shutting down plugin 'INNODB_SYS_INDEXES'
2018-09-19 08:07:06 5984 [Note] Shutting down plugin 'INNODB_SYS_TABLESTATS'
2018-09-19 08:07:06 5984 [Note] Shutting down plugin 'INNODB_SYS_TABLES'
2018-09-19 08:07:06 5984 [Note] Shutting down plugin 'INNODB_FT_INDEX_TABLE'
2018-09-19 08:07:06 5984 [Note] Shutting down plugin 'INNODB_FT_INDEX_CACHE'
2018-09-19 08:07:06 5984 [Note] Shutting down plugin 'INNODB_FT_CONFIG'
2018-09-19 08:07:06 5984 [Note] Shutting down plugin 'INNODB_FT_BEING_DELETED'
2018-09-19 08:07:06 5984 [Note] Shutting down plugin 'INNODB_FT_DELETED'
2018-09-19 08:07:06 5984 [Note] Shutting down plugin 'INNODB_FT_DEFAULT_STOPWORD'
2018-09-19 08:07:06 5984 [Note] Shutting down plugin 'INNODB_METRICS'
2018-09-19 08:07:06 5984 [Note] Shutting down plugin 'INNODB_BUFFER_POOL_STATS'
2018-09-19 08:07:06 5984 [Note] Shutting down plugin 'INNODB_BUFFER_PAGE_LRU'
2018-09-19 08:07:06 5984 [Note] Shutting down plugin 'INNODB_BUFFER_PAGE'
2018-09-19 08:07:06 5984 [Note] Shutting down plugin 'INNODB_CMP_PER_INDEX_RESET'
2018-09-19 08:07:06 5984 [Note] Shutting down plugin 'INNODB_CMP_PER_INDEX'
2018-09-19 08:07:06 5984 [Note] Shutting down plugin 'INNODB_CMPMEM_RESET'
2018-09-19 08:07:06 5984 [Note] Shutting down plugin 'INNODB_CMPMEM'
2018-09-19 08:07:06 5984 [Note] Shutting down plugin 'INNODB_CMP_RESET'
2018-09-19 08:07:06 5984 [Note] Shutting down plugin 'INNODB_CMP'
2018-09-19 08:07:06 5984 [Note] Shutting down plugin 'INNODB_LOCK_WAITS'
2018-09-19 08:07:06 5984 [Note] Shutting down plugin 'INNODB_LOCKS'
2018-09-19 08:07:06 5984 [Note] Shutting down plugin 'INNODB_TRX'
2018-09-19 08:07:06 5984 [Note] Shutting down plugin 'BLACKHOLE'
2018-09-19 08:07:06 5984 [Note] Shutting down plugin 'ARCHIVE'
2018-09-19 08:07:06 5984 [Note] Shutting down plugin 'MRG_MYISAM'
2018-09-19 08:07:06 5984 [Note] Shutting down plugin 'MyISAM'
2018-09-19 08:07:06 5984 [Note] Shutting down plugin 'MEMORY'
2018-09-19 08:07:06 5984 [Note] Shutting down plugin 'CSV'
2018-09-19 08:07:06 5984 [Note] Shutting down plugin 'sha256_password'
2018-09-19 08:07:06 5984 [Note] Shutting down plugin 'mysql_old_password'
2018-09-19 08:07:06 5984 [Note] Shutting down plugin 'mysql_native_password'
2018-09-19 08:07:06 5984 [Note] Shutting down plugin 'binlog'
2018-09-19 08:07:06 5984 [Note] C:\Users\ite15-2\Documents\ITE15\USBWebserver v8.6/mysql/bin/mysqld_usbwv8.exe: Shutdown complete

2018-09-19 08:11:59 5728 [Note] Plugin 'FEDERATED' is disabled.
2018-09-19 08:11:59 5728 [Note] InnoDB: The InnoDB memory heap is disabled
2018-09-19 08:11:59 5728 [Note] InnoDB: Mutexes and rw_locks use Windows interlocked functions
2018-09-19 08:11:59 5728 [Note] InnoDB: Compressed tables use zlib 1.2.3
2018-09-19 08:11:59 5728 [Note] InnoDB: Not using CPU crc32 instructions
2018-09-19 08:11:59 5728 [Note] InnoDB: Initializing buffer pool, size = 128.0M
2018-09-19 08:11:59 5728 [Note] InnoDB: Completed initialization of buffer pool
2018-09-19 08:11:59 5728 [Note] InnoDB: Highest supported file format is Barracuda.
2018-09-19 08:11:59 5728 [Note] InnoDB: The log sequence numbers 1626134 and 1626134 in ibdata files do not match the log sequence number 1626666 in the ib_logfiles!
2018-09-19 08:11:59 5728 [Note] InnoDB: Database was not shutdown normally!
2018-09-19 08:11:59 5728 [Note] InnoDB: Starting crash recovery.
2018-09-19 08:11:59 5728 [Note] InnoDB: Reading tablespace information from the .ibd files...
2018-09-19 08:11:59 5728 [Note] InnoDB: Restoring possible half-written data pages 
2018-09-19 08:11:59 5728 [Note] InnoDB: from the doublewrite buffer...
2018-09-19 08:11:59 5728 [Note] InnoDB: 128 rollback segment(s) are active.
2018-09-19 08:11:59 5728 [Note] InnoDB: Waiting for purge to start
2018-09-19 08:11:59 5728 [Note] InnoDB: 5.6.13 started; log sequence number 1626666
2018-09-19 08:11:59 5728 [Note] Server hostname (bind-address): '*'; port: 3307
2018-09-19 08:11:59 5728 [Note] IPv6 is available.
2018-09-19 08:11:59 5728 [Note]   - '::' resolves to '::';
2018-09-19 08:11:59 5728 [Note] Server socket created on IP: '::'.
2018-09-19 08:15:41 10028 [Note] Plugin 'FEDERATED' is disabled.
2018-09-19 08:15:41 10028 [Note] InnoDB: The InnoDB memory heap is disabled
2018-09-19 08:15:41 10028 [Note] InnoDB: Mutexes and rw_locks use Windows interlocked functions
2018-09-19 08:15:41 10028 [Note] InnoDB: Compressed tables use zlib 1.2.3
2018-09-19 08:15:41 10028 [Note] InnoDB: Not using CPU crc32 instructions
2018-09-19 08:15:41 10028 [Note] InnoDB: Initializing buffer pool, size = 128.0M
2018-09-19 08:15:41 10028 [Note] InnoDB: Completed initialization of buffer pool
2018-09-19 08:15:41 10028 [Note] InnoDB: Highest supported file format is Barracuda.
2018-09-19 08:15:41 10028 [Note] InnoDB: The log sequence numbers 1626134 and 1626134 in ibdata files do not match the log sequence number 1626676 in the ib_logfiles!
2018-09-19 08:15:41 10028 [Note] InnoDB: Database was not shutdown normally!
2018-09-19 08:15:41 10028 [Note] InnoDB: Starting crash recovery.
2018-09-19 08:15:41 10028 [Note] InnoDB: Reading tablespace information from the .ibd files...
2018-09-19 08:15:41 10028 [Note] InnoDB: Restoring possible half-written data pages 
2018-09-19 08:15:41 10028 [Note] InnoDB: from the doublewrite buffer...
2018-09-19 08:15:42 10028 [Note] InnoDB: 128 rollback segment(s) are active.
2018-09-19 08:15:42 10028 [Note] InnoDB: Waiting for purge to start
2018-09-19 08:15:42 10028 [Note] InnoDB: 5.6.13 started; log sequence number 1626676
2018-09-19 08:15:42 10028 [Note] Server hostname (bind-address): '*'; port: 3307
2018-09-19 08:15:42 10028 [Note] IPv6 is available.
2018-09-19 08:15:42 10028 [Note]   - '::' resolves to '::';
2018-09-19 08:15:42 10028 [Note] Server socket created on IP: '::'.
2018-09-19 08:15:50 612 [Note] Plugin 'FEDERATED' is disabled.
2018-09-19 08:15:50 612 [Note] InnoDB: The InnoDB memory heap is disabled
2018-09-19 08:15:50 612 [Note] InnoDB: Mutexes and rw_locks use Windows interlocked functions
2018-09-19 08:15:50 612 [Note] InnoDB: Compressed tables use zlib 1.2.3
2018-09-19 08:15:50 612 [Note] InnoDB: Not using CPU crc32 instructions
2018-09-19 08:15:50 612 [Note] InnoDB: Initializing buffer pool, size = 128.0M
2018-09-19 08:15:50 612 [Note] InnoDB: Completed initialization of buffer pool
2018-09-19 08:15:50 612 [Note] InnoDB: Highest supported file format is Barracuda.
2018-09-19 08:15:50 612 [Note] InnoDB: The log sequence numbers 1626134 and 1626134 in ibdata files do not match the log sequence number 1626686 in the ib_logfiles!
2018-09-19 08:15:50 612 [Note] InnoDB: Database was not shutdown normally!
2018-09-19 08:15:50 612 [Note] InnoDB: Starting crash recovery.
2018-09-19 08:15:50 612 [Note] InnoDB: Reading tablespace information from the .ibd files...
2018-09-19 08:15:50 612 [Note] InnoDB: Restoring possible half-written data pages 
2018-09-19 08:15:50 612 [Note] InnoDB: from the doublewrite buffer...
2018-09-19 08:15:50 612 [Note] InnoDB: 128 rollback segment(s) are active.
2018-09-19 08:15:50 612 [Note] InnoDB: Waiting for purge to start
2018-09-19 08:15:50 612 [Note] InnoDB: 5.6.13 started; log sequence number 1626686
2018-09-19 08:15:50 612 [Note] Server hostname (bind-address): '*'; port: 3307
2018-09-19 08:15:50 612 [Note] IPv6 is available.
2018-09-19 08:15:50 612 [Note]   - '::' resolves to '::';
2018-09-19 08:15:50 612 [Note] Server socket created on IP: '::'.
2018-09-19 08:16:26 4212 [Note] Plugin 'FEDERATED' is disabled.
2018-09-19 08:16:26 4212 [Note] InnoDB: The InnoDB memory heap is disabled
2018-09-19 08:16:26 4212 [Note] InnoDB: Mutexes and rw_locks use Windows interlocked functions
2018-09-19 08:16:26 4212 [Note] InnoDB: Compressed tables use zlib 1.2.3
2018-09-19 08:16:26 4212 [Note] InnoDB: Not using CPU crc32 instructions
2018-09-19 08:16:26 4212 [Note] InnoDB: Initializing buffer pool, size = 128.0M
2018-09-19 08:16:26 4212 [Note] InnoDB: Completed initialization of buffer pool
2018-09-19 08:16:26 4212 [ERROR] InnoDB: C:\Users\ite15-2\Documents\ITE15\USBWebserver v8.6\mysql\data\ibdata1 can't be opened in read-write mode
2018-09-19 08:16:26 4212 [ERROR] InnoDB: The system tablespace must be writable!
2018-09-19 08:16:26 4212 [ERROR] Plugin 'InnoDB' init function returned error.
2018-09-19 08:16:26 4212 [ERROR] Plugin 'InnoDB' registration as a STORAGE ENGINE failed.
2018-09-19 08:16:26 4212 [ERROR] Unknown/unsupported storage engine: InnoDB
2018-09-19 08:16:26 4212 [ERROR] Aborting

2018-09-19 08:16:26 4212 [Note] Binlog end
2018-09-19 08:16:26 4212 [Note] Shutting down plugin 'partition'
2018-09-19 08:16:26 4212 [Note] Shutting down plugin 'PERFORMANCE_SCHEMA'
2018-09-19 08:16:26 4212 [Note] Shutting down plugin 'INNODB_SYS_DATAFILES'
2018-09-19 08:16:26 4212 [Note] Shutting down plugin 'INNODB_SYS_TABLESPACES'
2018-09-19 08:16:26 4212 [Note] Shutting down plugin 'INNODB_SYS_FOREIGN_COLS'
2018-09-19 08:16:26 4212 [Note] Shutting down plugin 'INNODB_SYS_FOREIGN'
2018-09-19 08:16:26 4212 [Note] Shutting down plugin 'INNODB_SYS_FIELDS'
2018-09-19 08:16:26 4212 [Note] Shutting down plugin 'INNODB_SYS_COLUMNS'
2018-09-19 08:16:26 4212 [Note] Shutting down plugin 'INNODB_SYS_INDEXES'
2018-09-19 08:16:26 4212 [Note] Shutting down plugin 'INNODB_SYS_TABLESTATS'
2018-09-19 08:16:26 4212 [Note] Shutting down plugin 'INNODB_SYS_TABLES'
2018-09-19 08:16:26 4212 [Note] Shutting down plugin 'INNODB_FT_INDEX_TABLE'
2018-09-19 08:16:26 4212 [Note] Shutting down plugin 'INNODB_FT_INDEX_CACHE'
2018-09-19 08:16:26 4212 [Note] Shutting down plugin 'INNODB_FT_CONFIG'
2018-09-19 08:16:26 4212 [Note] Shutting down plugin 'INNODB_FT_BEING_DELETED'
2018-09-19 08:16:26 4212 [Note] Shutting down plugin 'INNODB_FT_DELETED'
2018-09-19 08:16:26 4212 [Note] Shutting down plugin 'INNODB_FT_DEFAULT_STOPWORD'
2018-09-19 08:16:26 4212 [Note] Shutting down plugin 'INNODB_METRICS'
2018-09-19 08:16:26 4212 [Note] Shutting down plugin 'INNODB_BUFFER_POOL_STATS'
2018-09-19 08:16:26 4212 [Note] Shutting down plugin 'INNODB_BUFFER_PAGE_LRU'
2018-09-19 08:16:26 4212 [Note] Shutting down plugin 'INNODB_BUFFER_PAGE'
2018-09-19 08:16:26 4212 [Note] Shutting down plugin 'INNODB_CMP_PER_INDEX_RESET'
2018-09-19 08:16:26 4212 [Note] Shutting down plugin 'INNODB_CMP_PER_INDEX'
2018-09-19 08:16:26 4212 [Note] Shutting down plugin 'INNODB_CMPMEM_RESET'
2018-09-19 08:16:26 4212 [Note] Shutting down plugin 'INNODB_CMPMEM'
2018-09-19 08:16:26 4212 [Note] Shutting down plugin 'INNODB_CMP_RESET'
2018-09-19 08:16:26 4212 [Note] Shutting down plugin 'INNODB_CMP'
2018-09-19 08:16:26 4212 [Note] Shutting down plugin 'INNODB_LOCK_WAITS'
2018-09-19 08:16:26 4212 [Note] Shutting down plugin 'INNODB_LOCKS'
2018-09-19 08:16:26 4212 [Note] Shutting down plugin 'INNODB_TRX'
2018-09-19 08:16:26 4212 [Note] Shutting down plugin 'BLACKHOLE'
2018-09-19 08:16:26 4212 [Note] Shutting down plugin 'ARCHIVE'
2018-09-19 08:16:26 4212 [Note] Shutting down plugin 'MRG_MYISAM'
2018-09-19 08:16:26 4212 [Note] Shutting down plugin 'MyISAM'
2018-09-19 08:16:26 4212 [Note] Shutting down plugin 'MEMORY'
2018-09-19 08:16:26 4212 [Note] Shutting down plugin 'CSV'
2018-09-19 08:16:26 4212 [Note] Shutting down plugin 'sha256_password'
2018-09-19 08:16:26 4212 [Note] Shutting down plugin 'mysql_old_password'
2018-09-19 08:16:26 4212 [Note] Shutting down plugin 'mysql_native_password'
2018-09-19 08:16:26 4212 [Note] Shutting down plugin 'binlog'
2018-09-19 08:16:26 4212 [Note] C:\Users\ite15-2\Documents\ITE15\USBWebserver v8.6/mysql/bin/mysqld_usbwv8.exe: Shutdown complete

2018-09-19 08:17:16 9260 [Note] Plugin 'FEDERATED' is disabled.
2018-09-19 08:17:16 9260 [Note] InnoDB: The InnoDB memory heap is disabled
2018-09-19 08:17:16 9260 [Note] InnoDB: Mutexes and rw_locks use Windows interlocked functions
2018-09-19 08:17:16 9260 [Note] InnoDB: Compressed tables use zlib 1.2.3
2018-09-19 08:17:16 9260 [Note] InnoDB: Not using CPU crc32 instructions
2018-09-19 08:17:16 9260 [Note] InnoDB: Initializing buffer pool, size = 128.0M
2018-09-19 08:17:16 9260 [Note] InnoDB: Completed initialization of buffer pool
2018-09-19 08:17:16 9260 [Note] InnoDB: Highest supported file format is Barracuda.
2018-09-19 08:17:16 9260 [Note] InnoDB: The log sequence numbers 1626134 and 1626134 in ibdata files do not match the log sequence number 1626696 in the ib_logfiles!
2018-09-19 08:17:16 9260 [Note] InnoDB: Database was not shutdown normally!
2018-09-19 08:17:16 9260 [Note] InnoDB: Starting crash recovery.
2018-09-19 08:17:16 9260 [Note] InnoDB: Reading tablespace information from the .ibd files...
2018-09-19 08:17:16 9260 [Note] InnoDB: Restoring possible half-written data pages 
2018-09-19 08:17:16 9260 [Note] InnoDB: from the doublewrite buffer...
2018-09-19 08:17:16 9260 [Note] InnoDB: 128 rollback segment(s) are active.
2018-09-19 08:17:16 9260 [Note] InnoDB: Waiting for purge to start
2018-09-19 08:17:16 9260 [Note] InnoDB: 5.6.13 started; log sequence number 1626696
2018-09-19 08:17:16 9260 [Note] Server hostname (bind-address): '*'; port: 3307
2018-09-19 08:17:16 9260 [Note] IPv6 is available.
2018-09-19 08:17:16 9260 [Note]   - '::' resolves to '::';
2018-09-19 08:17:16 9260 [Note] Server socket created on IP: '::'.
2018-09-19 08:17:30 4740 [Note] Plugin 'FEDERATED' is disabled.
2018-09-19 08:17:30 4740 [Note] InnoDB: The InnoDB memory heap is disabled
2018-09-19 08:17:30 4740 [Note] InnoDB: Mutexes and rw_locks use Windows interlocked functions
2018-09-19 08:17:30 4740 [Note] InnoDB: Compressed tables use zlib 1.2.3
2018-09-19 08:17:30 4740 [Note] InnoDB: Not using CPU crc32 instructions
2018-09-19 08:17:30 4740 [Note] InnoDB: Initializing buffer pool, size = 128.0M
2018-09-19 08:17:30 4740 [Note] InnoDB: Completed initialization of buffer pool
2018-09-19 08:17:30 4740 [Note] InnoDB: Highest supported file format is Barracuda.
2018-09-19 08:17:30 4740 [Note] InnoDB: The log sequence numbers 1626134 and 1626134 in ibdata files do not match the log sequence number 1626706 in the ib_logfiles!
2018-09-19 08:17:30 4740 [Note] InnoDB: Database was not shutdown normally!
2018-09-19 08:17:30 4740 [Note] InnoDB: Starting crash recovery.
2018-09-19 08:17:30 4740 [Note] InnoDB: Reading tablespace information from the .ibd files...
2018-09-19 08:17:30 4740 [Note] InnoDB: Restoring possible half-written data pages 
2018-09-19 08:17:30 4740 [Note] InnoDB: from the doublewrite buffer...
2018-09-19 08:17:31 4740 [Note] InnoDB: 128 rollback segment(s) are active.
2018-09-19 08:17:31 4740 [Note] InnoDB: Waiting for purge to start
2018-09-19 08:17:31 4740 [Note] InnoDB: 5.6.13 started; log sequence number 1626706
2018-09-19 08:17:31 4740 [Note] Server hostname (bind-address): '*'; port: 3307
2018-09-19 08:17:31 4740 [Note] IPv6 is available.
2018-09-19 08:17:31 4740 [Note]   - '::' resolves to '::';
2018-09-19 08:17:31 4740 [Note] Server socket created on IP: '::'.
2018-09-22 07:49:35 5644 [Note] Plugin 'FEDERATED' is disabled.
2018-09-22 07:49:35 5644 [Note] InnoDB: The InnoDB memory heap is disabled
2018-09-22 07:49:35 5644 [Note] InnoDB: Mutexes and rw_locks use Windows interlocked functions
2018-09-22 07:49:35 5644 [Note] InnoDB: Compressed tables use zlib 1.2.3
2018-09-22 07:49:35 5644 [Note] InnoDB: Not using CPU crc32 instructions
2018-09-22 07:49:35 5644 [Note] InnoDB: Initializing buffer pool, size = 128.0M
2018-09-22 07:49:35 5644 [Note] InnoDB: Completed initialization of buffer pool
2018-09-22 07:49:35 5644 [Note] InnoDB: Highest supported file format is Barracuda.
2018-09-22 07:49:35 5644 [Note] InnoDB: The log sequence numbers 1626134 and 1626134 in ibdata files do not match the log sequence number 3198139 in the ib_logfiles!
2018-09-22 07:49:35 5644 [Note] InnoDB: Database was not shutdown normally!
2018-09-22 07:49:35 5644 [Note] InnoDB: Starting crash recovery.
2018-09-22 07:49:35 5644 [Note] InnoDB: Reading tablespace information from the .ibd files...
2018-09-22 07:49:36 5644 [Note] InnoDB: Restoring possible half-written data pages 
2018-09-22 07:49:36 5644 [Note] InnoDB: from the doublewrite buffer...
2018-09-22 07:49:36 5644 [Note] InnoDB: 128 rollback segment(s) are active.
2018-09-22 07:49:36 5644 [Note] InnoDB: Waiting for purge to start
2018-09-22 07:49:36 5644 [Note] InnoDB: 5.6.13 started; log sequence number 3198139
2018-09-22 07:49:36 5644 [Note] Server hostname (bind-address): '*'; port: 3307
2018-09-22 07:49:36 5644 [Note] IPv6 is available.
2018-09-22 07:49:36 5644 [Note]   - '::' resolves to '::';
2018-09-22 07:49:36 5644 [Note] Server socket created on IP: '::'.
