::1 - - [06/Oct/2018:07:56:59 +0800] "GET /wordpress/wp-admin/index.php HTTP/1.1" 302 -
::1 - - [06/Oct/2018:07:57:15 +0800] "GET /wordpress/wp-login.php?redirect_to=http%3A%2F%2Flocalhost%2Fwordpress%2Fwp-admin%2Findex.php&reauth=1 HTTP/1.1" 200 2824
::1 - - [06/Oct/2018:07:57:15 +0800] "POST /wordpress/wp-cron.php?doing_wp_cron=1538783830.8629059791564941406250 HTTP/1.1" 200 -
::1 - - [06/Oct/2018:07:57:54 +0800] "GET /wordpress/wp-content/uploads/2018/09/Gudetama-Dish.jpg HTTP/1.1" 304 -
::1 - - [06/Oct/2018:07:57:54 +0800] "GET /wordpress/wp-content/themes/catch-inspire/style.css?ver=4.9.8 HTTP/1.1" 304 -
::1 - - [06/Oct/2018:07:57:55 +0800] "GET /wordpress/wp-includes/js/wp-emoji-release.min.js?ver=4.9.8 HTTP/1.1" 304 -
::1 - - [06/Oct/2018:07:57:55 +0800] "GET /wordpress/wp-content/themes/catch-inspire/assets/js/skip-link-focus-fix.min.js?ver=20160816 HTTP/1.1" 304 -
::1 - - [06/Oct/2018:07:57:53 +0800] "GET /wordpress/ HTTP/1.1" 200 66956
::1 - - [06/Oct/2018:07:57:55 +0800] "GET /wordpress/wp-content/themes/catch-inspire/assets/js/functions.min.js?ver=20160816 HTTP/1.1" 304 -
::1 - - [06/Oct/2018:07:57:55 +0800] "GET /wordpress/wp-content/themes/catch-inspire/assets/js/jquery.matchHeight.min.js?ver=20151215 HTTP/1.1" 304 -
::1 - - [06/Oct/2018:07:57:55 +0800] "GET /wordpress/wp-content/themes/catch-inspire/assets/js/fitvids.min.js?ver=1.1 HTTP/1.1" 304 -
::1 - - [06/Oct/2018:07:57:55 +0800] "GET /wordpress/wp-content/themes/catch-inspire/assets/js/jquery.cycle/jquery.cycle2.min.js?ver=2.1.5 HTTP/1.1" 304 -
::1 - - [06/Oct/2018:07:58:35 +0800] "GET /wordpress/ HTTP/1.1" 200 66956
::1 - - [06/Oct/2018:07:58:36 +0800] "GET /wordpress/wp-content/uploads/2018/09/cropped-gudetamacafe4-32x32.jpg HTTP/1.1" 200 1253
::1 - - [06/Oct/2018:07:58:36 +0800] "GET /wordpress/wp-content/uploads/2018/09/cropped-gudetamacafe4-192x192.jpg HTTP/1.1" 304 -
::1 - - [06/Oct/2018:07:58:41 +0800] "GET /wordpress/wp-admin/index.php HTTP/1.1" 302 -
::1 - - [06/Oct/2018:07:58:42 +0800] "GET /wordpress/wp-login.php?redirect_to=http%3A%2F%2Flocalhost%2Fwordpress%2Fwp-admin%2Findex.php&reauth=1 HTTP/1.1" 200 2824
::1 - - [06/Oct/2018:07:58:45 +0800] "POST /wordpress/wp-login.php HTTP/1.1" 302 -
::1 - - [06/Oct/2018:07:58:46 +0800] "GET /wordpress/wp-admin/index.php HTTP/1.1" 200 47744
::1 - - [06/Oct/2018:07:58:48 +0800] "POST /wordpress/wp-admin/admin-ajax.php HTTP/1.1" 200 61
::1 - - [06/Oct/2018:07:58:48 +0800] "GET /wordpress/wp-admin/admin-ajax.php?action=dashboard-widgets&widget=dashboard_primary&pagenow=dashboard HTTP/1.1" 200 923
::1 - - [06/Oct/2018:07:59:23 +0800] "GET /wordpress/ HTTP/1.1" 200 75432
::1 - - [06/Oct/2018:07:59:38 +0800] "GET /wordpress/wp-content/themes/catch-inspire/inc/customizer/upgrade-button/customize-controls.css?ver=4.9.8 HTTP/1.1" 304 -
::1 - - [06/Oct/2018:07:59:38 +0800] "GET /wordpress/wp-content/themes/catch-inspire/inc/customizer/upgrade-button/customize-controls.js?ver=4.9.8 HTTP/1.1" 304 -
::1 - - [06/Oct/2018:07:59:38 +0800] "GET /wordpress/wp-includes/js/media-views.min.js?ver=4.9.8 HTTP/1.1" 304 -
::1 - - [06/Oct/2018:07:59:33 +0800] "GET /wordpress/wp-admin/customize.php?url=http%3A%2F%2Flocalhost%2Fwordpress%2F HTTP/1.1" 200 396174
::1 - - [06/Oct/2018:07:59:40 +0800] "GET /wordpress/wp-content/themes/catch-inspire/assets/images/header-image-275x155.jpg HTTP/1.1" 304 -
::1 - - [06/Oct/2018:07:59:40 +0800] "GET /wordpress/wp-content/uploads/2018/09/cropped-gudetamacafe4.jpg HTTP/1.1" 304 -
::1 - - [06/Oct/2018:07:59:41 +0800] "GET /wordpress/wp-content/themes/catch-inspire/assets/js/customize-preview.min.js?ver=20170816 HTTP/1.1" 304 -
::1 - - [06/Oct/2018:07:59:40 +0800] "GET /wordpress/?customize_changeset_uuid=34c20f6c-21ec-4886-af27-f6898c0468da&customize_theme=catch-inspire&customize_messenger_channel=preview-0 HTTP/1.1" 200 100050
::1 - - [06/Oct/2018:07:59:49 +0800] "POST /wordpress/?customize_changeset_uuid=34c20f6c-21ec-4886-af27-f6898c0468da&customize_theme=catch-inspire&customize_messenger_channel=preview-1&customize_autosaved=on HTTP/1.1" 200 100119
::1 - - [06/Oct/2018:07:59:58 +0800] "POST /wordpress/?customize_changeset_uuid=34c20f6c-21ec-4886-af27-f6898c0468da&customize_theme=catch-inspire&customize_messenger_channel=preview-2&customize_autosaved=on HTTP/1.1" 200 100151
::1 - - [06/Oct/2018:08:00:12 +0800] "POST /wordpress/?customize_changeset_uuid=34c20f6c-21ec-4886-af27-f6898c0468da&customize_theme=catch-inspire&customize_messenger_channel=preview-3&customize_autosaved=on HTTP/1.1" 200 98305
::1 - - [06/Oct/2018:08:00:26 +0800] "POST /wordpress/?customize_changeset_uuid=34c20f6c-21ec-4886-af27-f6898c0468da&customize_theme=catch-inspire&customize_messenger_channel=preview-4&customize_autosaved=on HTTP/1.1" 200 98310
::1 - - [06/Oct/2018:08:00:28 +0800] "POST /wordpress/?customize_changeset_uuid=34c20f6c-21ec-4886-af27-f6898c0468da&customize_theme=catch-inspire&customize_messenger_channel=preview-5&customize_autosaved=on HTTP/1.1" 200 100228
::1 - - [06/Oct/2018:08:00:40 +0800] "POST /wordpress/wp-admin/admin-ajax.php HTTP/1.1" 200 47
::1 - - [06/Oct/2018:08:00:40 +0800] "POST /wordpress/?customize_changeset_uuid=34c20f6c-21ec-4886-af27-f6898c0468da&customize_theme=catch-inspire&customize_messenger_channel=preview-6&customize_autosaved=on HTTP/1.1" 200 100304
::1 - - [06/Oct/2018:08:00:49 +0800] "POST /wordpress/wp-admin/admin-ajax.php HTTP/1.1" 200 220
::1 - - [06/Oct/2018:08:00:56 +0800] "POST /wordpress/?customize_changeset_uuid=34c20f6c-21ec-4886-af27-f6898c0468da&customize_theme=catch-inspire&customize_messenger_channel=preview-7&customize_autosaved=on HTTP/1.1" 200 16766
::1 - - [06/Oct/2018:08:00:57 +0800] "POST /wordpress/?customize_changeset_uuid=34c20f6c-21ec-4886-af27-f6898c0468da&customize_theme=catch-inspire&customize_messenger_channel=preview-8&customize_autosaved=on HTTP/1.1" 200 100154
::1 - - [06/Oct/2018:08:00:58 +0800] "POST /wordpress/?customize_changeset_uuid=34c20f6c-21ec-4886-af27-f6898c0468da&customize_theme=catch-inspire&customize_messenger_channel=preview-9&customize_autosaved=on HTTP/1.1" 200 100164
::1 - - [06/Oct/2018:08:01:01 +0800] "GET /wordpress/?customize_changeset_uuid=34c20f6c-21ec-4886-af27-f6898c0468da&customize_theme=catch-inspire&customize_messenger_channel=preview-9&customize_autosaved=on HTTP/1.1" 200 100075
::1 - - [06/Oct/2018:08:01:02 +0800] "POST /wordpress/wp-admin/admin-ajax.php HTTP/1.1" 200 135
::1 - - [06/Oct/2018:08:01:02 +0800] "GET /wordpress/?customize_changeset_uuid=34c20f6c-21ec-4886-af27-f6898c0468da&customize_theme=catch-inspire&customize_autosaved=on HTTP/1.1" 200 106907
::1 - - [06/Oct/2018:08:01:13 +0800] "GET /wordpress/?customize_changeset_uuid=34c20f6c-21ec-4886-af27-f6898c0468da&customize_theme=catch-inspire&customize_messenger_channel=preview-9&customize_autosaved=on HTTP/1.1" 200 100095
::1 - - [06/Oct/2018:08:01:14 +0800] "GET /wordpress/?customize_changeset_uuid=34c20f6c-21ec-4886-af27-f6898c0468da&customize_theme=catch-inspire&customize_autosaved=on HTTP/1.1" 200 106907
::1 - - [06/Oct/2018:08:01:27 +0800] "POST /wordpress/?customize_changeset_uuid=34c20f6c-21ec-4886-af27-f6898c0468da&customize_theme=catch-inspire&customize_messenger_channel=preview-10&customize_autosaved=on HTTP/1.1" 200 100167
::1 - - [06/Oct/2018:08:01:32 +0800] "POST /wordpress/?customize_changeset_uuid=34c20f6c-21ec-4886-af27-f6898c0468da&customize_theme=catch-inspire&customize_messenger_channel=preview-11&customize_autosaved=on HTTP/1.1" 200 100216
::1 - - [06/Oct/2018:08:01:33 +0800] "POST /wordpress/?customize_changeset_uuid=34c20f6c-21ec-4886-af27-f6898c0468da&customize_theme=catch-inspire&customize_messenger_channel=preview-12&customize_autosaved=on HTTP/1.1" 200 100216
::1 - - [06/Oct/2018:08:01:40 +0800] "POST /wordpress/wp-admin/admin-ajax.php HTTP/1.1" 200 47
::1 - - [06/Oct/2018:08:01:48 +0800] "GET /wordpress/?cat=3&customize_changeset_uuid=34c20f6c-21ec-4886-af27-f6898c0468da&customize_autosaved=on&customize_messenger_channel=preview-12 HTTP/1.1" 200 96557
::1 - - [06/Oct/2018:08:01:49 +0800] "GET /wordpress/?cat=3&customize_changeset_uuid=34c20f6c-21ec-4886-af27-f6898c0468da&customize_autosaved=on HTTP/1.1" 200 103521
::1 - - [06/Oct/2018:08:01:49 +0800] "POST /wordpress/wp-admin/admin-ajax.php HTTP/1.1" 200 174
::1 - - [06/Oct/2018:08:02:05 +0800] "POST /wordpress/?customize_changeset_uuid=34c20f6c-21ec-4886-af27-f6898c0468da&customize_theme=catch-inspire&customize_messenger_channel=preview-13&customize_autosaved=on HTTP/1.1" 200 100393
::1 - - [06/Oct/2018:08:02:12 +0800] "POST /wordpress/?cat=3&customize_changeset_uuid=34c20f6c-21ec-4886-af27-f6898c0468da&customize_theme=catch-inspire&customize_messenger_channel=preview-14&customize_autosaved=on HTTP/1.1" 200 96737
::1 - - [06/Oct/2018:08:02:20 +0800] "POST /wordpress/wp-admin/admin-ajax.php HTTP/1.1" 200 299
::1 - - [06/Oct/2018:08:02:35 +0800] "POST /wordpress/wp-admin/admin-ajax.php HTTP/1.1" 200 1161
::1 - - [06/Oct/2018:08:02:36 +0800] "POST /wordpress/?cat=3&customize_autosaved=on&customize_changeset_uuid=71ab4b6d-fe71-4129-a999-07cbcfa9dce2&customize_preview_nonce=d3837ce43a HTTP/1.1" 200 1298
::1 - - [06/Oct/2018:08:02:40 +0800] "POST /wordpress/wp-admin/admin-ajax.php HTTP/1.1" 200 1143
::1 - - [06/Oct/2018:08:02:40 +0800] "POST /wordpress/wp-admin/admin-ajax.php HTTP/1.1" 200 47
::1 - - [06/Oct/2018:08:02:41 +0800] "POST /wordpress/?cat=3&customize_autosaved=on&customize_changeset_uuid=71ab4b6d-fe71-4129-a999-07cbcfa9dce2&customize_preview_nonce=d3837ce43a HTTP/1.1" 200 826
::1 - - [06/Oct/2018:08:02:43 +0800] "POST /wordpress/wp-admin/admin-ajax.php HTTP/1.1" 200 1161
::1 - - [06/Oct/2018:08:02:44 +0800] "POST /wordpress/?cat=3&customize_autosaved=on&customize_changeset_uuid=71ab4b6d-fe71-4129-a999-07cbcfa9dce2&customize_preview_nonce=d3837ce43a HTTP/1.1" 200 834
::1 - - [06/Oct/2018:08:03:05 +0800] "POST /wordpress/wp-admin/admin-ajax.php HTTP/1.1" 200 1711
::1 - - [06/Oct/2018:08:03:22 +0800] "POST /wordpress/wp-admin/admin-ajax.php HTTP/1.1" 200 125
::1 - - [06/Oct/2018:08:03:32 +0800] "POST /wordpress/wp-admin/admin-ajax.php HTTP/1.1" 200 166
::1 - - [06/Oct/2018:08:03:35 +0800] "GET /wordpress/?customize_changeset_uuid=9ac3acfe-3312-4609-8ddf-a72a48373aee&customize_theme=catch-inspire&customize_messenger_channel=preview-15&customize_autosaved=on HTTP/1.1" 200 100332
::1 - - [06/Oct/2018:08:03:40 +0800] "POST /wordpress/wp-admin/admin-ajax.php HTTP/1.1" 200 47
::1 - - [06/Oct/2018:08:03:41 +0800] "POST /wordpress/wp-admin/admin-ajax.php HTTP/1.1" 404 50
::1 - - [06/Oct/2018:08:03:41 +0800] "GET /wordpress/ HTTP/1.1" 200 75568
::1 - - [06/Oct/2018:08:03:54 +0800] "GET /wordpress/wp-content/themes/catch-inspire/inc/metabox/metabox.js?ver=2017-08-15 HTTP/1.1" 304 -
::1 - - [06/Oct/2018:08:03:54 +0800] "GET /wordpress/wp-content/themes/catch-inspire/inc/metabox/metabox.css?ver=4.9.8 HTTP/1.1" 304 -
::1 - - [06/Oct/2018:08:03:54 +0800] "GET /wordpress/wp-includes/css/editor.min.css?ver=4.9.8 HTTP/1.1" 304 -
::1 - - [06/Oct/2018:08:03:52 +0800] "GET /wordpress/wp-admin/post-new.php HTTP/1.1" 200 130062
::1 - - [06/Oct/2018:08:03:55 +0800] "GET /wordpress/wp-includes/js/tinymce/skins/lightgray/skin.min.css?wp-mce-4800-20180716 HTTP/1.1" 304 -
::1 - - [06/Oct/2018:08:03:55 +0800] "GET /wordpress/wp-includes/js/tinymce/skins/lightgray/content.min.css?wp-mce-4800-20180716 HTTP/1.1" 304 -
::1 - - [06/Oct/2018:08:03:55 +0800] "GET /wordpress/wp-content/themes/catch-inspire/assets/css/editor-style.css?wp-mce-4800-20180716 HTTP/1.1" 304 -
::1 - - [06/Oct/2018:08:03:55 +0800] "GET /wordpress/wp-includes/js/tinymce/skins/wordpress/wp-content.css?ver=4.9.8&wp-mce-4800-20180716 HTTP/1.1" 304 -
::1 - - [06/Oct/2018:08:04:32 +0800] "GET /wordpress/wp-admin/edit.php HTTP/1.1" 200 63863
::1 - - [06/Oct/2018:08:04:35 +0800] "POST /wordpress/wp-admin/admin-ajax.php HTTP/1.1" 200 47
::1 - - [06/Oct/2018:08:05:22 +0800] "POST /wordpress/wp-admin/admin-ajax.php HTTP/1.1" 200 47
::1 - - [06/Oct/2018:08:05:24 +0800] "GET /wordpress/wp-admin/post.php?post=72&action=edit HTTP/1.1" 200 131198
::1 - - [06/Oct/2018:08:06:26 +0800] "POST /wordpress/wp-admin/admin-ajax.php HTTP/1.1" 200 118
::1 - - [06/Oct/2018:08:07:11 +0800] "POST /wordpress/wp-admin/post.php HTTP/1.1" 302 -
::1 - - [06/Oct/2018:08:07:12 +0800] "GET /wordpress/wp-admin/post.php?post=72&action=edit&message=10 HTTP/1.1" 200 139485
::1 - - [06/Oct/2018:08:07:14 +0800] "GET /wordpress/wp-admin/admin-ajax.php?action=oembed-cache&post=72 HTTP/1.1" 200 1
::1 - - [06/Oct/2018:08:07:26 +0800] "POST /wordpress/wp-admin/post.php HTTP/1.1" 302 -
::1 - - [06/Oct/2018:08:07:28 +0800] "GET /wordpress/wp-admin/post.php?post=72&action=edit&message=6 HTTP/1.1" 200 141390
::1 - - [06/Oct/2018:08:07:30 +0800] "GET /wordpress/wp-admin/admin-ajax.php?action=oembed-cache&post=72 HTTP/1.1" 200 1
::1 - - [06/Oct/2018:08:07:32 +0800] "POST /wordpress/wp-cron.php?doing_wp_cron=1538784448.6455760002136230468750 HTTP/1.1" 200 -
::1 - - [06/Oct/2018:08:07:44 +0800] "POST /wordpress/wp-admin/post.php HTTP/1.1" 302 -
::1 - - [06/Oct/2018:08:07:45 +0800] "GET /wordpress/wp-admin/post.php?post=72&action=edit&message=1 HTTP/1.1" 200 141399
::1 - - [06/Oct/2018:08:07:47 +0800] "GET /wordpress/wp-admin/admin-ajax.php?action=oembed-cache&post=72 HTTP/1.1" 200 1
::1 - - [06/Oct/2018:08:07:53 +0800] "GET /wordpress/wp-admin/post-new.php HTTP/1.1" 200 130368
::1 - - [06/Oct/2018:08:07:53 +0800] "POST /wordpress/wp-admin/admin-ajax.php HTTP/1.1" 200 1
::1 - - [06/Oct/2018:08:07:53 +0800] "POST /wordpress/wp-cron.php?doing_wp_cron=1538784466.1796059608459472656250 HTTP/1.1" 200 -
::1 - - [06/Oct/2018:08:08:44 +0800] "POST /wordpress/wp-admin/admin-ajax.php HTTP/1.1" 200 118
::1 - - [06/Oct/2018:08:08:54 +0800] "POST /wordpress/wp-admin/admin-ajax.php HTTP/1.1" 200 118
::1 - - [06/Oct/2018:08:08:55 +0800] "POST /wordpress/wp-admin/admin-ajax.php HTTP/1.1" 200 322
::1 - - [06/Oct/2018:08:09:54 +0800] "POST /wordpress/wp-admin/admin-ajax.php HTTP/1.1" 200 47
::1 - - [06/Oct/2018:08:10:02 +0800] "POST /wordpress/wp-admin/post.php HTTP/1.1" 302 -
::1 - - [06/Oct/2018:08:10:03 +0800] "GET /wordpress/wp-admin/post.php?post=77&action=edit&message=10 HTTP/1.1" 200 134119
::1 - - [06/Oct/2018:08:10:05 +0800] "GET /wordpress/wp-admin/admin-ajax.php?action=oembed-cache&post=77 HTTP/1.1" 200 1
::1 - - [06/Oct/2018:08:10:06 +0800] "POST /wordpress/wp-admin/post.php HTTP/1.1" 302 -
::1 - - [06/Oct/2018:08:10:07 +0800] "GET /wordpress/wp-admin/post.php?post=77&action=edit&message=6 HTTP/1.1" 200 136031
::1 - - [06/Oct/2018:08:10:09 +0800] "GET /wordpress/wp-admin/admin-ajax.php?action=oembed-cache&post=77 HTTP/1.1" 200 1
::1 - - [06/Oct/2018:08:10:11 +0800] "GET /wordpress/wp-admin/post-new.php HTTP/1.1" 200 130580
::1 - - [06/Oct/2018:08:10:11 +0800] "POST /wordpress/wp-admin/admin-ajax.php HTTP/1.1" 200 1
::1 - - [06/Oct/2018:08:10:11 +0800] "POST /wordpress/wp-cron.php?doing_wp_cron=1538784607.9785950183868408203125 HTTP/1.1" 200 -
::1 - - [06/Oct/2018:08:10:43 +0800] "POST /wordpress/wp-admin/admin-ajax.php HTTP/1.1" 200 118
::1 - - [06/Oct/2018:08:11:03 +0800] "POST /wordpress/wp-admin/admin-ajax.php HTTP/1.1" 200 118
::1 - - [06/Oct/2018:08:11:04 +0800] "POST /wordpress/wp-admin/admin-ajax.php HTTP/1.1" 200 322
::1 - - [06/Oct/2018:08:11:45 +0800] "POST /wordpress/wp-admin/post.php HTTP/1.1" 302 -
::1 - - [06/Oct/2018:08:11:47 +0800] "GET /wordpress/wp-admin/post.php?post=79&action=edit&message=10 HTTP/1.1" 200 137561
::1 - - [06/Oct/2018:08:11:48 +0800] "GET /wordpress/wp-admin/admin-ajax.php?action=oembed-cache&post=79 HTTP/1.1" 200 1
::1 - - [06/Oct/2018:08:11:50 +0800] "POST /wordpress/wp-admin/post.php HTTP/1.1" 302 -
::1 - - [06/Oct/2018:08:11:51 +0800] "GET /wordpress/wp-admin/post.php?post=79&action=edit&message=6 HTTP/1.1" 200 139295
::1 - - [06/Oct/2018:08:11:53 +0800] "GET /wordpress/wp-admin/admin-ajax.php?action=oembed-cache&post=79 HTTP/1.1" 200 1
::1 - - [06/Oct/2018:08:11:56 +0800] "GET /wordpress/wp-admin/post-new.php HTTP/1.1" 200 130580
::1 - - [06/Oct/2018:08:11:57 +0800] "POST /wordpress/wp-admin/admin-ajax.php HTTP/1.1" 200 1
::1 - - [06/Oct/2018:08:11:56 +0800] "POST /wordpress/wp-cron.php?doing_wp_cron=1538784711.8771159648895263671875 HTTP/1.1" 200 -
::1 - - [06/Oct/2018:08:13:12 +0800] "POST /wordpress/wp-admin/admin-ajax.php HTTP/1.1" 200 47
::1 - - [06/Oct/2018:08:13:16 +0800] "POST /wordpress/wp-admin/admin-ajax.php HTTP/1.1" 200 118
::1 - - [06/Oct/2018:08:13:45 +0800] "POST /wordpress/wp-admin/admin-ajax.php HTTP/1.1" 200 47
::1 - - [06/Oct/2018:08:14:20 +0800] "POST /wordpress/wp-admin/admin-ajax.php HTTP/1.1" 200 118
::1 - - [06/Oct/2018:08:14:20 +0800] "POST /wordpress/wp-admin/admin-ajax.php HTTP/1.1" 200 322
::1 - - [06/Oct/2018:08:14:36 +0800] "POST /wordpress/wp-admin/post.php HTTP/1.1" 302 -
::1 - - [06/Oct/2018:08:14:37 +0800] "GET /wordpress/wp-admin/post.php?post=81&action=edit&message=10 HTTP/1.1" 200 133834
::1 - - [06/Oct/2018:08:14:38 +0800] "GET /wordpress/wp-admin/admin-ajax.php?action=oembed-cache&post=81 HTTP/1.1" 200 1
::1 - - [06/Oct/2018:08:14:41 +0800] "POST /wordpress/wp-admin/post.php HTTP/1.1" 302 -
::1 - - [06/Oct/2018:08:14:42 +0800] "GET /wordpress/wp-admin/post.php?post=81&action=edit&message=6 HTTP/1.1" 200 135512
::1 - - [06/Oct/2018:08:14:44 +0800] "GET /wordpress/wp-admin/admin-ajax.php?action=oembed-cache&post=81 HTTP/1.1" 200 1
::1 - - [06/Oct/2018:08:14:58 +0800] "GET /wordpress/ HTTP/1.1" 200 84787
::1 - - [06/Oct/2018:08:14:59 +0800] "POST /wordpress/wp-admin/admin-ajax.php HTTP/1.1" 200 1
::1 - - [06/Oct/2018:08:14:58 +0800] "POST /wordpress/wp-cron.php?doing_wp_cron=1538784882.4322190284729003906250 HTTP/1.1" 200 -
::1 - - [06/Oct/2018:08:15:29 +0800] "GET /wordpress/wp-admin/post-new.php HTTP/1.1" 200 17405
::1 - - [06/Oct/2018:08:15:30 +0800] "GET /wordpress/wp-admin/post-new.php HTTP/1.1" 200 130497
::1 - - [06/Oct/2018:08:15:33 +0800] "POST /wordpress/wp-admin/admin-ajax.php HTTP/1.1" 200 118
::1 - - [06/Oct/2018:08:15:34 +0800] "POST /wordpress/wp-admin/admin-ajax.php HTTP/1.1" 200 322
::1 - - [06/Oct/2018:08:16:34 +0800] "POST /wordpress/wp-admin/admin-ajax.php HTTP/1.1" 200 47
::1 - - [06/Oct/2018:08:16:41 +0800] "POST /wordpress/wp-admin/post.php HTTP/1.1" 302 -
::1 - - [06/Oct/2018:08:16:43 +0800] "GET /wordpress/wp-admin/post.php?post=84&action=edit&message=10 HTTP/1.1" 200 135779
::1 - - [06/Oct/2018:08:16:44 +0800] "GET /wordpress/wp-admin/admin-ajax.php?action=oembed-cache&post=84 HTTP/1.1" 200 1
::1 - - [06/Oct/2018:08:16:46 +0800] "POST /wordpress/wp-admin/post.php HTTP/1.1" 302 -
::1 - - [06/Oct/2018:08:16:47 +0800] "GET /wordpress/wp-admin/post.php?post=84&action=edit&message=6 HTTP/1.1" 200 137458
::1 - - [06/Oct/2018:08:16:49 +0800] "GET /wordpress/wp-admin/admin-ajax.php?action=oembed-cache&post=84 HTTP/1.1" 200 1
::1 - - [06/Oct/2018:08:17:02 +0800] "GET /wordpress/wp-admin/post-new.php HTTP/1.1" 200 130580
::1 - - [06/Oct/2018:08:17:02 +0800] "POST /wordpress/wp-admin/admin-ajax.php HTTP/1.1" 200 1
::1 - - [06/Oct/2018:08:17:02 +0800] "POST /wordpress/wp-cron.php?doing_wp_cron=1538785007.4630959033966064453125 HTTP/1.1" 200 -
::1 - - [06/Oct/2018:08:17:12 +0800] "POST /wordpress/wp-admin/admin-ajax.php HTTP/1.1" 200 118
::1 - - [06/Oct/2018:08:17:13 +0800] "POST /wordpress/wp-admin/admin-ajax.php HTTP/1.1" 200 322
::1 - - [06/Oct/2018:08:18:12 +0800] "POST /wordpress/wp-admin/admin-ajax.php HTTP/1.1" 200 47
::1 - - [06/Oct/2018:08:18:16 +0800] "POST /wordpress/wp-admin/post.php HTTP/1.1" 302 -
::1 - - [06/Oct/2018:08:18:17 +0800] "GET /wordpress/wp-admin/post.php?post=86&action=edit&message=10 HTTP/1.1" 200 136068
::1 - - [06/Oct/2018:08:18:18 +0800] "GET /wordpress/wp-admin/admin-ajax.php?action=oembed-cache&post=86 HTTP/1.1" 200 1
::1 - - [06/Oct/2018:08:18:19 +0800] "POST /wordpress/wp-admin/post.php HTTP/1.1" 302 -
::1 - - [06/Oct/2018:08:18:21 +0800] "GET /wordpress/wp-admin/post.php?post=86&action=edit&message=6 HTTP/1.1" 200 137754
::1 - - [06/Oct/2018:08:18:23 +0800] "GET /wordpress/wp-admin/admin-ajax.php?action=oembed-cache&post=86 HTTP/1.1" 200 1
::1 - - [06/Oct/2018:08:18:28 +0800] "POST /wordpress/wp-cron.php?doing_wp_cron=1538785101.4919459819793701171875 HTTP/1.1" 200 -
::1 - - [06/Oct/2018:08:18:32 +0800] "GET /wordpress/wp-admin/edit.php HTTP/1.1" 200 81056
::1 - - [06/Oct/2018:08:18:33 +0800] "POST /wordpress/wp-admin/admin-ajax.php HTTP/1.1" 200 1
::1 - - [06/Oct/2018:08:18:33 +0800] "POST /wordpress/wp-admin/admin-ajax.php HTTP/1.1" 200 47
::1 - - [06/Oct/2018:08:18:48 +0800] "POST /wordpress/wp-admin/admin-ajax.php HTTP/1.1" 200 47
::1 - - [06/Oct/2018:08:19:04 +0800] "POST /wordpress/wp-admin/admin-ajax.php HTTP/1.1" 200 47
::1 - - [06/Oct/2018:08:19:19 +0800] "POST /wordpress/wp-admin/admin-ajax.php HTTP/1.1" 200 47
::1 - - [06/Oct/2018:08:19:30 +0800] "GET /wordpress/wp-admin/post-new.php HTTP/1.1" 200 130531
::1 - - [06/Oct/2018:08:19:35 +0800] "POST /wordpress/wp-admin/admin-ajax.php HTTP/1.1" 200 118
::1 - - [06/Oct/2018:08:19:36 +0800] "POST /wordpress/wp-admin/admin-ajax.php HTTP/1.1" 200 322
::1 - - [06/Oct/2018:08:20:23 +0800] "POST /wordpress/wp-admin/post.php HTTP/1.1" 302 -
::1 - - [06/Oct/2018:08:20:24 +0800] "GET /wordpress/wp-admin/post.php?post=88&action=edit&message=10 HTTP/1.1" 200 135586
::1 - - [06/Oct/2018:08:20:25 +0800] "GET /wordpress/wp-admin/admin-ajax.php?action=oembed-cache&post=88 HTTP/1.1" 200 1
::1 - - [06/Oct/2018:08:20:26 +0800] "POST /wordpress/wp-admin/post.php HTTP/1.1" 302 -
::1 - - [06/Oct/2018:08:20:27 +0800] "GET /wordpress/wp-admin/post.php?post=88&action=edit&message=6 HTTP/1.1" 200 137286
::1 - - [06/Oct/2018:08:20:30 +0800] "GET /wordpress/wp-admin/admin-ajax.php?action=oembed-cache&post=88 HTTP/1.1" 200 1
::1 - - [06/Oct/2018:08:20:37 +0800] "GET /wordpress/wp-admin/post-new.php HTTP/1.1" 200 130580
::1 - - [06/Oct/2018:08:20:37 +0800] "POST /wordpress/wp-cron.php?doing_wp_cron=1538785228.3173480033874511718750 HTTP/1.1" 200 -
::1 - - [06/Oct/2018:08:20:37 +0800] "POST /wordpress/wp-admin/admin-ajax.php HTTP/1.1" 200 1
::1 - - [06/Oct/2018:08:21:30 +0800] "POST /wordpress/wp-admin/admin-ajax.php HTTP/1.1" 200 118
::1 - - [06/Oct/2018:08:21:31 +0800] "POST /wordpress/wp-admin/admin-ajax.php HTTP/1.1" 200 322
::1 - - [06/Oct/2018:08:22:11 +0800] "POST /wordpress/wp-admin/post.php HTTP/1.1" 302 -
::1 - - [06/Oct/2018:08:22:12 +0800] "GET /wordpress/wp-admin/post.php?post=90&action=edit&message=10 HTTP/1.1" 200 134669
::1 - - [06/Oct/2018:08:22:13 +0800] "GET /wordpress/wp-admin/admin-ajax.php?action=oembed-cache&post=90 HTTP/1.1" 200 1
::1 - - [06/Oct/2018:08:22:17 +0800] "POST /wordpress/wp-admin/post.php HTTP/1.1" 302 -
::1 - - [06/Oct/2018:08:22:18 +0800] "GET /wordpress/wp-admin/post.php?post=90&action=edit&message=6 HTTP/1.1" 200 138298
::1 - - [06/Oct/2018:08:22:20 +0800] "GET /wordpress/wp-admin/admin-ajax.php?action=oembed-cache&post=90 HTTP/1.1" 200 1
::1 - - [06/Oct/2018:08:22:22 +0800] "POST /wordpress/wp-admin/post.php HTTP/1.1" 302 -
::1 - - [06/Oct/2018:08:22:23 +0800] "GET /wordpress/wp-admin/post.php?post=90&action=edit&message=1 HTTP/1.1" 200 138296
::1 - - [06/Oct/2018:08:22:22 +0800] "POST /wordpress/wp-cron.php?doing_wp_cron=1538785339.1036550998687744140625 HTTP/1.1" 200 -
::1 - - [06/Oct/2018:08:22:24 +0800] "GET /wordpress/wp-admin/admin-ajax.php?action=oembed-cache&post=90 HTTP/1.1" 200 1
::1 - - [06/Oct/2018:08:22:25 +0800] "GET /wordpress/wp-admin/post-new.php HTTP/1.1" 200 130792
::1 - - [06/Oct/2018:08:22:26 +0800] "POST /wordpress/wp-admin/admin-ajax.php HTTP/1.1" 200 1
::1 - - [06/Oct/2018:08:23:14 +0800] "GET /wordpress/wp-admin/edit.php HTTP/1.1" 200 88258
::1 - - [06/Oct/2018:08:23:16 +0800] "POST /wordpress/wp-admin/admin-ajax.php HTTP/1.1" 200 47
::1 - - [06/Oct/2018:08:23:32 +0800] "POST /wordpress/wp-admin/admin-ajax.php HTTP/1.1" 200 47
::1 - - [06/Oct/2018:08:23:42 +0800] "GET /wordpress/wp-admin/post-new.php HTTP/1.1" 200 130743
::1 - - [06/Oct/2018:08:23:55 +0800] "POST /wordpress/wp-admin/admin-ajax.php HTTP/1.1" 200 118
::1 - - [06/Oct/2018:08:24:04 +0800] "POST /wordpress/wp-admin/admin-ajax.php HTTP/1.1" 200 118
::1 - - [06/Oct/2018:08:24:05 +0800] "POST /wordpress/wp-admin/admin-ajax.php HTTP/1.1" 200 322
::1 - - [06/Oct/2018:08:25:05 +0800] "POST /wordpress/wp-admin/admin-ajax.php HTTP/1.1" 200 47
::1 - - [06/Oct/2018:08:25:05 +0800] "POST /wordpress/wp-cron.php?doing_wp_cron=1538785505.6352109909057617187500 HTTP/1.1" 200 -
::1 - - [06/Oct/2018:08:25:19 +0800] "POST /wordpress/wp-admin/post.php HTTP/1.1" 302 -
::1 - - [06/Oct/2018:08:25:20 +0800] "GET /wordpress/wp-admin/post.php?post=94&action=edit&message=6 HTTP/1.1" 200 137979
::1 - - [06/Oct/2018:08:25:22 +0800] "GET /wordpress/wp-admin/admin-ajax.php?action=oembed-cache&post=94 HTTP/1.1" 200 1
::1 - - [06/Oct/2018:08:25:46 +0800] "GET /wordpress/wp-admin/post-new.php HTTP/1.1" 200 130792
::1 - - [06/Oct/2018:08:25:47 +0800] "POST /wordpress/wp-admin/admin-ajax.php HTTP/1.1" 200 1
::1 - - [06/Oct/2018:08:25:46 +0800] "POST /wordpress/wp-cron.php?doing_wp_cron=1538785521.0196919441223144531250 HTTP/1.1" 200 -
::1 - - [06/Oct/2018:08:25:49 +0800] "POST /wordpress/wp-admin/admin-ajax.php HTTP/1.1" 200 47
::1 - - [06/Oct/2018:08:25:58 +0800] "POST /wordpress/wp-admin/admin-ajax.php HTTP/1.1" 200 118
::1 - - [06/Oct/2018:08:25:58 +0800] "POST /wordpress/wp-admin/admin-ajax.php HTTP/1.1" 200 322
::1 - - [06/Oct/2018:08:26:58 +0800] "POST /wordpress/wp-admin/admin-ajax.php HTTP/1.1" 200 47
::1 - - [06/Oct/2018:08:27:24 +0800] "POST /wordpress/wp-admin/post.php HTTP/1.1" 302 -
::1 - - [06/Oct/2018:08:27:25 +0800] "GET /wordpress/wp-admin/post.php?post=96&action=edit&message=10 HTTP/1.1" 200 136722
::1 - - [06/Oct/2018:08:27:26 +0800] "GET /wordpress/wp-admin/admin-ajax.php?action=oembed-cache&post=96 HTTP/1.1" 200 1
::1 - - [06/Oct/2018:08:27:30 +0800] "POST /wordpress/wp-admin/post.php HTTP/1.1" 302 -
::1 - - [06/Oct/2018:08:27:32 +0800] "GET /wordpress/wp-admin/post.php?post=96&action=edit&message=6 HTTP/1.1" 200 138454
::1 - - [06/Oct/2018:08:27:34 +0800] "GET /wordpress/wp-admin/admin-ajax.php?action=oembed-cache&post=96 HTTP/1.1" 200 1
::1 - - [06/Oct/2018:08:27:34 +0800] "POST /wordpress/wp-cron.php?doing_wp_cron=1538785652.2922379970550537109375 HTTP/1.1" 200 -
::1 - - [06/Oct/2018:08:28:34 +0800] "POST /wordpress/wp-cron.php?doing_wp_cron=1538785714.3685419559478759765625 HTTP/1.1" 200 -
::1 - - [06/Oct/2018:08:28:34 +0800] "POST /wordpress/wp-admin/admin-ajax.php HTTP/1.1" 200 47
::1 - - [06/Oct/2018:08:28:35 +0800] "GET /wordpress/ HTTP/1.1" 200 89927
::1 - - [06/Oct/2018:08:28:35 +0800] "POST /wordpress/wp-admin/admin-ajax.php HTTP/1.1" 200 1
::1 - - [06/Oct/2018:08:29:25 +0800] "GET /wordpress/wp-admin/widgets.php HTTP/1.1" 200 203678
::1 - - [06/Oct/2018:08:29:26 +0800] "GET /wordpress/wp-admin/js/widgets.min.js?ver=4.9.8 HTTP/1.1" 200 12141
::1 - - [06/Oct/2018:08:29:26 +0800] "GET /wordpress/wp-admin/load-styles.php?c=1&dir=ltr&load%5B%5D=media-views,editor-buttons,code-editor&ver=4.9.8 HTTP/1.1" 200 15333
::1 - - [06/Oct/2018:08:29:26 +0800] "GET /wordpress/wp-admin/js/svg-painter.js?ver=4.9.8 HTTP/1.1" 200 5484
::1 - - [06/Oct/2018:08:29:26 +0800] "GET /wordpress/wp-includes/js/heartbeat.min.js?ver=4.9.8 HTTP/1.1" 200 5531
::1 - - [06/Oct/2018:08:29:26 +0800] "GET /wordpress/wp-includes/js/wp-auth-check.min.js?ver=4.9.8 HTTP/1.1" 200 1783
::1 - - [06/Oct/2018:08:29:26 +0800] "GET /wordpress/wp-includes/js/mce-view.min.js?ver=4.9.8 HTTP/1.1" 200 9744
::1 - - [06/Oct/2018:08:29:26 +0800] "GET /wordpress/wp-includes/js/imgareaselect/jquery.imgareaselect.min.js?ver=4.9.8 HTTP/1.1" 200 9887
::1 - - [06/Oct/2018:08:29:26 +0800] "GET /wordpress/wp-admin/load-scripts.php?c=1&load%5B%5D=hoverIntent,common,admin-bar,jquery-ui-draggable,jquery-ui-droppable&ver=4.9.8 HTTP/1.1" 200 14896
::1 - - [06/Oct/2018:08:29:26 +0800] "GET /wordpress/wp-admin/js/image-edit.min.js?ver=4.9.8 HTTP/1.1" 200 9754
::1 - - [06/Oct/2018:08:29:26 +0800] "GET /wordpress/wp-includes/js/wplink.min.js?ver=4.9.8 HTTP/1.1" 200 11305
::1 - - [06/Oct/2018:08:29:26 +0800] "GET /wordpress/wp-includes/js/quicktags.min.js?ver=4.9.8 HTTP/1.1" 200 11149
::1 - - [06/Oct/2018:08:29:26 +0800] "GET /wordpress/wp-includes/js/jquery/ui/position.min.js?ver=1.11.4 HTTP/1.1" 200 6527
::1 - - [06/Oct/2018:08:29:26 +0800] "GET /wordpress/wp-includes/js/jquery/ui/menu.min.js?ver=1.11.4 HTTP/1.1" 200 9600
::1 - - [06/Oct/2018:08:29:27 +0800] "GET /wordpress/wp-includes/js/thickbox/thickbox.js?ver=3.1-20121105 HTTP/1.1" 200 13163
::1 - - [06/Oct/2018:08:29:27 +0800] "GET /wordpress/wp-includes/js/jquery/ui/autocomplete.min.js?ver=1.11.4 HTTP/1.1" 200 8283
::1 - - [06/Oct/2018:08:29:27 +0800] "GET /wordpress/wp-admin/js/media-upload.min.js?ver=4.9.8 HTTP/1.1" 200 1153
::1 - - [06/Oct/2018:08:29:25 +0800] "GET /wordpress/wp-admin/load-scripts.php?c=1&load%5B%5D=jquery-core,jquery-migrate,utils,jquery-ui-core,jquery-ui-widget,jquery-ui-mouse,jquery-ui-sortable,underscore,shortcode,backbon&load%5B%5D=e,wp-util,wp-backbone,media-models,moxiejs,plupload,wp-plupload&ver=4.9.8 HTTP/1.1" 200 112158
::1 - - [06/Oct/2018:08:30:29 +0800] "POST /wordpress/wp-admin/admin-ajax.php HTTP/1.1" 200 47
::1 - - [06/Oct/2018:08:31:23 +0800] "GET /wordpress/wp-admin/options-general.php HTTP/1.1" 200 63626
::1 - - [06/Oct/2018:08:31:47 +0800] "GET /wordpress/ HTTP/1.1" 200 89927
